<?xml version="1.0" encoding="UTF-8"?>
<!-- Generated by org.testng.reporters.JUnitReportReporter -->
<testsuite hostname="DESKTOP-O5SIUU5" name="selenium_java.execute_fail_case" tests="1" failures="0" timestamp="10 Nov 2017 07:09:35 GMT" time="0.013" errors="0">
  <testcase name="FirstTest" time="0.013" classname="selenium_java.execute_fail_case"/>
</testsuite> <!-- selenium_java.execute_fail_case -->
