<?xml version="1.0" encoding="UTF-8"?>
<!-- Generated by org.testng.reporters.JUnitReportReporter -->
<testsuite skipped="0" hostname="DESKTOP-O5SIUU5" name="crossbrowser.VerifyTitle" tests="2" failures="0" timestamp="13 Nov 2017 07:52:05 GMT" time="74.283" errors="0">
  <testcase name="VerifyPageTitle" time="37.154" classname="crossbrowser.VerifyTitle"/>
  <testcase name="VerifyPageTitle" time="37.129" classname="crossbrowser.VerifyTitle"/>
</testsuite> <!-- crossbrowser.VerifyTitle -->
