<?xml version="1.0" encoding="UTF-8"?>
<!-- Generated by org.testng.reporters.JUnitReportReporter -->
<testsuite skipped="0" hostname="DESKTOP-O5SIUU5" name="execute_fail_test_case.execute_fail_case" tests="1" failures="0" timestamp="10 Nov 2017 07:20:16 GMT" time="0.019" errors="0">
  <testcase name="FirstTest" time="0.019" classname="execute_fail_test_case.execute_fail_case"/>
</testsuite> <!-- execute_fail_test_case.execute_fail_case -->
