<?xml version="1.0" encoding="UTF-8"?>
<!-- Generated by org.testng.reporters.JUnitReportReporter -->
<testsuite skipped="0" hostname="DESKTOP-O5SIUU5" name="com.no1fit.Testcase.VerifyLogin" tests="1" failures="0" timestamp="13 Nov 2017 06:36:49 GMT" time="9.172" errors="0">
  <testcase name="LoginTest" time="9.172" classname="com.no1fit.Testcase.VerifyLogin"/>
</testsuite> <!-- com.no1fit.Testcase.VerifyLogin -->
