<?xml version="1.0" encoding="UTF-8"?>
<!-- Generated by org.testng.reporters.JUnitReportReporter -->
<testsuite skipped="0" hostname="DESKTOP-O5SIUU5" name="webtable.webtable_static" tests="1" failures="0" timestamp="12 Nov 2017 07:29:27 GMT" time="16.501" errors="0">
  <testcase name="DatePicker" time="16.501" classname="webtable.webtable_static"/>
</testsuite> <!-- webtable.webtable_static -->
