<?xml version="1.0" encoding="UTF-8"?>
<!-- Generated by org.testng.reporters.JUnitReportReporter -->
<testsuite skipped="0" hostname="DESKTOP-O5SIUU5" name="com.no1fit.Testcase.VerifyLoginNew" tests="1" failures="0" timestamp="13 Nov 2017 07:19:42 GMT" time="10.258" errors="0">
  <testcase name="LoginValidTest" time="10.258" classname="com.no1fit.Testcase.VerifyLoginNew"/>
</testsuite> <!-- com.no1fit.Testcase.VerifyLoginNew -->
