<?xml version="1.0" encoding="UTF-8"?>
<!-- Generated by org.testng.reporters.JUnitReportReporter -->
<testsuite skipped="0" hostname="DESKTOP-O5SIUU5" name="execute_fail_test_case.execute_fail_case2" tests="1" failures="0" timestamp="10 Nov 2017 07:20:16 GMT" time="0.006" errors="0">
  <testcase name="SecondTest" time="0.006" classname="execute_fail_test_case.execute_fail_case2"/>
</testsuite> <!-- execute_fail_test_case.execute_fail_case2 -->
